Calculating task graph as configuration cache cannot be reused because the file system entry 'build/classes/kotlin/main' has been removed.
> Task :checkKotlinGradlePluginConfigurationErrors
> Task :processResources
> Task :compileKotlin FROM-CACHE
> Task :compileJava NO-SOURCE
> Task :classes
> Task :resolveMainClassName

> Task :bootRun FAILED

  .   ____          _            __ _ _
 /\\ / ___'_ __ _ _(_)_ __  __ _ \ \ \ \
( ( )\___ | '_ | '_| | '_ \/ _` | \ \ \ \
 \\/  ___)| |_)| | | | | || (_| |  ) ) ) )
  '  |____| .__|_| |_|_| |_\__, | / / / /
 =========|_|==============|___/=/_/_/_/
 :: Spring Boot ::                (v3.2.3)

2025-01-13 14:35:34 INFO  - Starting ApplicationKt using Java 18.0.1.1 with PID 99707 (/Users/francojay/Labyrinth/Programming/Templates/kotlin-strict-template/build/classes/kotlin/main started by francojay in /Users/francojay/Labyrinth/Programming/Templates/kotlin-strict-template)
2025-01-13 14:35:34 INFO  - No active profile set, falling back to 1 default profile: "default"

[Incubating] Problems report is available at: file:///Users/francojay/Labyrinth/Programming/Templates/kotlin-strict-template/build/reports/problems/problems-report.html

FAILURE: Build failed with an exception.

* What went wrong:
Execution failed for task ':bootRun'.
> Process 'command '/Library/Java/JavaVirtualMachines/jdk-18.0.1.1.jdk/Contents/Home/bin/java'' finished with non-zero exit value 1

* Try:
> Run with --stacktrace option to get the stack trace.
> Run with --info or --debug option to get more log output.
> Run with --scan to get full insights.
> Get more help at https://help.gradle.org.

Deprecated Gradle features were used in this build, making it incompatible with Gradle 9.0.

You can use '--warning-mode all' to show the individual deprecation warnings and determine if they come from your own scripts or plugins.

For more on this, please refer to https://docs.gradle.org/8.12/userguide/command_line_interface.html#sec:command_line_warnings in the Gradle documentation.

BUILD FAILED in 1s
5 actionable tasks: 4 executed, 1 from cache
Configuration cache entry stored.
